[debug] [2024-12-19T19:48:53.305Z] [Firebase Plugin] Activating Firebase extension.
[debug] [2024-12-19T19:49:02.551Z] [Firebase Plugin] VSCode notification server listening on port 40001
[info] [Firebase Plugin] Starting Data Connect toolkit on port 50001
[debug] [2024-12-19T19:49:04.783Z] I1219 14:49:04.775728   26552 control.go:45] [engine.Service /emulator/deanmachines be70] UpdateSchema(): done sources: schema\schema.gql [1384B] 
I1219 14:49:04.779930   26552 control.go:73] [engine.Service /emulator/deanmachines be70] UpdateConnector(default): done sources: connector\queries.gql [1855B] connector\mutations.gql [1163B] 
 {"metadata":{"emulator":{"name":"dataconnect"},"message":"I1219 14:49:04.775728   26552 control.go:45] [engine.Service /emulator/deanmachines be70] UpdateSchema(): done sources: schema\\schema.gql [1384B] \nI1219 14:49:04.779930   26552 control.go:73] [engine.Service /emulator/deanmachines be70] UpdateConnector(default): done sources: connector\\queries.gql [1855B] connector\\mutations.gql [1163B] \n"}}
[debug] [2024-12-19T19:49:04.784Z] Ignoring unsupported arg: auto_download {"metadata":{"emulator":{"name":"dataconnect"},"message":"Ignoring unsupported arg: auto_download"}}
[debug] [2024-12-19T19:49:04.784Z] Ignoring unsupported arg: port {"metadata":{"emulator":{"name":"dataconnect"},"message":"Ignoring unsupported arg: port"}}
[debug] [2024-12-19T19:49:04.784Z] Starting Data Connect Emulator with command {"binary":"C:\\Users\\sam\\.cache\\firebase\\emulators\\dataconnect-emulator-1.7.5.exe","args":["--logtostderr","-v=2","dev","--listen=localhost:50001","--config_dir=c:\\Users\\sam\\based\\deanmachines\\dataconnect","--enable_output_schema_extensions=true","--enable_output_generated_sdk=true"],"optionalArgs":["listen","config_dir","enable_output_schema_extensions","enable_output_generated_sdk"],"joinArgs":true,"shell":false,"port":9399} {"metadata":{"emulator":{"name":"dataconnect"},"message":"Starting Data Connect Emulator with command {\"binary\":\"C:\\\\Users\\\\sam\\\\.cache\\\\firebase\\\\emulators\\\\dataconnect-emulator-1.7.5.exe\",\"args\":[\"--logtostderr\",\"-v=2\",\"dev\",\"--listen=localhost:50001\",\"--config_dir=c:\\\\Users\\\\sam\\\\based\\\\deanmachines\\\\dataconnect\",\"--enable_output_schema_extensions=true\",\"--enable_output_generated_sdk=true\"],\"optionalArgs\":[\"listen\",\"config_dir\",\"enable_output_schema_extensions\",\"enable_output_generated_sdk\"],\"joinArgs\":true,\"shell\":false,\"port\":9399}"}}
[info] i  dataconnect: Data Connect Emulator logging to dataconnect-debug.log {"metadata":{"emulator":{"name":"dataconnect"},"message":"Data Connect Emulator logging to \u001b[1mdataconnect-debug.log\u001b[22m"}}
[debug] [2024-12-19T19:49:04.828Z] I1219 14:49:04.819340   26120 load.go:37] Reloading schema and connectors...
 {"metadata":{"emulator":{"name":"dataconnect"},"message":"I1219 14:49:04.819340   26120 load.go:37] Reloading schema and connectors...\n"}}
[debug] [2024-12-19T19:49:04.851Z] I1219 14:49:04.843519   26120 control.go:45] [engine.Service /emulator/deanmachines e416] UpdateSchema(): done sources: schema\schema.gql [1384B] 
 {"metadata":{"emulator":{"name":"dataconnect"},"message":"I1219 14:49:04.843519   26120 control.go:45] [engine.Service /emulator/deanmachines e416] UpdateSchema(): done sources: schema\\schema.gql [1384B] \n"}}
[debug] [2024-12-19T19:49:04.858Z] I1219 14:49:04.857846   26120 control.go:73] [engine.Service /emulator/deanmachines e416] UpdateConnector(default): done sources: connector\mutations.gql [1163B] connector\queries.gql [1855B] 
 {"metadata":{"emulator":{"name":"dataconnect"},"message":"I1219 14:49:04.857846   26120 control.go:73] [engine.Service /emulator/deanmachines e416] UpdateConnector(default): done sources: connector\\mutations.gql [1163B] connector\\queries.gql [1855B] \n"}}
[debug] [2024-12-19T19:49:04.976Z] I1219 14:49:04.883542   26120 codegen.go:82] [connector "default" javascriptSdk] Generating sources into "c:\\Users\\sam\\based\\deanmachines\\dataconnect-generated\\js\\default-connector"
I1219 14:49:04.886223   26120 collector.go:107] schema extensions wrote into "c:\\Users\\sam\\based\\deanmachines\\dataconnect\\.dataconnect\\schema"
Generated sources: prelude.gql [65151B] 
I1219 14:49:04.887229   26120 collector.go:107] connector "default" javascriptSdk wrote into "c:\\Users\\sam\\based\\deanmachines\\dataconnect-generated\\js\\default-connector"
Generated sources: index.d.ts [264B] esm\index.esm.js [185B] esm\package.json [17B] index.cjs.js [226B] package.json [634B] 
I1219 14:49:04.902716   26120 installsdk.go:76] Running command: C:\Program Files\nodejs\npm.cmd install file:dataconnect-generated\js\default-connector
 {"metadata":{"emulator":{"name":"dataconnect"},"message":"I1219 14:49:04.883542   26120 codegen.go:82] [connector \"default\" javascriptSdk] Generating sources into \"c:\\\\Users\\\\sam\\\\based\\\\deanmachines\\\\dataconnect-generated\\\\js\\\\default-connector\"\nI1219 14:49:04.886223   26120 collector.go:107] schema extensions wrote into \"c:\\\\Users\\\\sam\\\\based\\\\deanmachines\\\\dataconnect\\\\.dataconnect\\\\schema\"\nGenerated sources: prelude.gql [65151B] \nI1219 14:49:04.887229   26120 collector.go:107] connector \"default\" javascriptSdk wrote into \"c:\\\\Users\\\\sam\\\\based\\\\deanmachines\\\\dataconnect-generated\\\\js\\\\default-connector\"\nGenerated sources: index.d.ts [264B] esm\\index.esm.js [185B] esm\\package.json [17B] index.cjs.js [226B] package.json [634B] \nI1219 14:49:04.902716   26120 installsdk.go:76] Running command: C:\\Program Files\\nodejs\\npm.cmd install file:dataconnect-generated\\js\\default-connector\n"}}
[debug] [2024-12-19T19:49:10.120Z] I1219 14:49:10.118955   26120 load.go:115] Finished reloading
 {"metadata":{"emulator":{"name":"dataconnect"},"message":"I1219 14:49:10.118955   26120 load.go:115] Finished reloading\n"}}
[debug] [2024-12-19T19:49:10.133Z] I1219 14:49:10.133646   26120 dev.go:95] Listening on address (HTTP + gRPC): 127.0.0.1:50001
 {"metadata":{"emulator":{"name":"dataconnect"},"message":"I1219 14:49:10.133646   26120 dev.go:95] Listening on address (HTTP + gRPC): 127.0.0.1:50001\n"}}
[debug] [2024-12-19T19:49:10.343Z] I1219 14:49:10.342437   26120 engine.go:148] [engine.Service /emulator/deanmachines e416] ExecuteGraphqlRead IntrospectionQuery: succeeded. 
 {"metadata":{"emulator":{"name":"dataconnect"},"message":"I1219 14:49:10.342437   26120 engine.go:148] [engine.Service /emulator/deanmachines e416] ExecuteGraphqlRead IntrospectionQuery: succeeded. \n"}}
[debug] [2024-12-19T19:49:10.465Z] I1219 14:49:10.465246   26120 engine.go:148] [engine.Service /emulator/deanmachines e416] ExecuteGraphqlRead IntrospectionQuery: succeeded. 
 {"metadata":{"emulator":{"name":"dataconnect"},"message":"I1219 14:49:10.465246   26120 engine.go:148] [engine.Service /emulator/deanmachines e416] ExecuteGraphqlRead IntrospectionQuery: succeeded. \n"}}
